# JRE version: Java(TM) SE Runtime Environment (17.0.10+11) (build 17.0.10+11-LTS-240)
# Java VM: Java HotSpot(TM) 64-Bit Server VM (17.0.10+11-LTS-240, mixed mode, sharing, tiered, compressed oops, compressed class ptrs, g1 gc, windows-amd64)
GC Precious Log:
 CPUs: 12 total, 12 available
 Memory: 15741M
 Large Page Support: Disabled
 NUMA Support: Disabled
 Compressed Oops: Enabled (Zero based)
 Heap Region Size: 2M
 Heap Min Capacity: 8M
 Heap Initial Capacity: 246M
 Heap Max Capacity: 3936M
 Pre-touch: Disabled
 Parallel Workers: 10
 Concurrent Workers: 3
 Concurrent Refinement Workers: 10
 Periodic GC: Disabled
Heap:
 garbage-first heap   total 110592K, used 52763K [0x000000070a000000, 0x0000000800000000)
  region size 2048K, 7 young (14336K), 2 survivors (4096K)
 Metaspace       used 100585K, committed 101248K, reserved 1179648K
  class space    used 13471K, committed 13760K, reserved 1048576K
GC Heap History (20 events):
Event: 4.333 GC heap before
{Heap before GC invocations=8 (full 0):
 garbage-first heap   total 69632K, used 44717K [0x000000070a000000, 0x0000000800000000)
  region size 2048K, 15 young (30720K), 2 survivors (4096K)
 Metaspace       used 34595K, committed 35008K, reserved 1114112K
  class space    used 4536K, committed 4736K, reserved 1048576K
}
Event: 4.339 GC heap after
{Heap after GC invocations=9 (full 0):
 garbage-first heap   total 69632K, used 22471K [0x000000070a000000, 0x0000000800000000)
  region size 2048K, 2 young (4096K), 2 survivors (4096K)
 Metaspace       used 34595K, committed 35008K, reserved 1114112K
  class space    used 4536K, committed 4736K, reserved 1048576K
}
Event: 4.642 GC heap before
{Heap before GC invocations=9 (full 0):
 garbage-first heap   total 69632K, used 44999K [0x000000070a000000, 0x0000000800000000)
  region size 2048K, 15 young (30720K), 2 survivors (4096K)
 Metaspace       used 35598K, committed 35968K, reserved 1114112K
  class space    used 4666K, committed 4864K, reserved 1048576K
}
Event: 4.647 GC heap after
{Heap after GC invocations=10 (full 0):
 garbage-first heap   total 69632K, used 23761K [0x000000070a000000, 0x0000000800000000)
  region size 2048K, 1 young (2048K), 1 survivors (2048K)
 Metaspace       used 35598K, committed 35968K, reserved 1114112K
  class space    used 4666K, committed 4864K, reserved 1048576K
}
Event: 5.284 GC heap before
{Heap before GC invocations=11 (full 0):
 garbage-first heap   total 69632K, used 50385K [0x000000070a000000, 0x0000000800000000)
  region size 2048K, 14 young (28672K), 1 survivors (2048K)
 Metaspace       used 39728K, committed 40192K, reserved 1114112K
  class space    used 5196K, committed 5440K, reserved 1048576K
}
Event: 5.287 GC heap after
{Heap after GC invocations=12 (full 0):
 garbage-first heap   total 69632K, used 24858K [0x000000070a000000, 0x0000000800000000)
  region size 2048K, 2 young (4096K), 2 survivors (4096K)
 Metaspace       used 39728K, committed 40192K, reserved 1114112K
  class space    used 5196K, committed 5440K, reserved 1048576K
}
Event: 5.305 GC heap before
{Heap before GC invocations=12 (full 0):
 garbage-first heap   total 69632K, used 26906K [0x000000070a000000, 0x0000000800000000)
  region size 2048K, 3 young (6144K), 2 survivors (4096K)
 Metaspace       used 39832K, committed 40320K, reserved 1114112K
  class space    used 5212K, committed 5440K, reserved 1048576K
}
Event: 5.307 GC heap after
{Heap after GC invocations=13 (full 0):
 garbage-first heap   total 69632K, used 24709K [0x000000070a000000, 0x0000000800000000)
  region size 2048K, 1 young (2048K), 1 survivors (2048K)
 Metaspace       used 39832K, committed 40320K, reserved 1114112K
  class space    used 5212K, committed 5440K, reserved 1048576K
}
Event: 5.959 GC heap before
{Heap before GC invocations=13 (full 0):
 garbage-first heap   total 69632K, used 51333K [0x000000070a000000, 0x0000000800000000)
  region size 2048K, 14 young (28672K), 1 survivors (2048K)
 Metaspace       used 45041K, committed 45568K, reserved 1114112K
  class space    used 5856K, committed 6144K, reserved 1048576K
}
Event: 5.963 GC heap after
{Heap after GC invocations=14 (full 0):
 garbage-first heap   total 126976K, used 26045K [0x000000070a000000, 0x0000000800000000)
  region size 2048K, 1 young (2048K), 1 survivors (2048K)
 Metaspace       used 45041K, committed 45568K, reserved 1114112K
  class space    used 5856K, committed 6144K, reserved 1048576K
}
Event: 7.436 GC heap before
{Heap before GC invocations=14 (full 0):
 garbage-first heap   total 126976K, used 89533K [0x000000070a000000, 0x0000000800000000)
  region size 2048K, 33 young (67584K), 1 survivors (2048K)
 Metaspace       used 59678K, committed 60160K, reserved 1114112K
  class space    used 8041K, committed 8320K, reserved 1048576K
}
Event: 7.441 GC heap after
{Heap after GC invocations=15 (full 0):
 garbage-first heap   total 126976K, used 28714K [0x000000070a000000, 0x0000000800000000)
  region size 2048K, 3 young (6144K), 3 survivors (6144K)
 Metaspace       used 59678K, committed 60160K, reserved 1114112K
  class space    used 8041K, committed 8320K, reserved 1048576K
}
Event: 8.676 GC heap before
{Heap before GC invocations=16 (full 0):
 garbage-first heap   total 110592K, used 88106K [0x000000070a000000, 0x0000000800000000)
  region size 2048K, 32 young (65536K), 3 survivors (6144K)
 Metaspace       used 69782K, committed 70400K, reserved 1114112K
  class space    used 9610K, committed 9920K, reserved 1048576K
}
Event: 8.681 GC heap after
{Heap after GC invocations=17 (full 0):
 garbage-first heap   total 110592K, used 32408K [0x000000070a000000, 0x0000000800000000)
  region size 2048K, 4 young (8192K), 4 survivors (8192K)
 Metaspace       used 69782K, committed 70400K, reserved 1114112K
  class space    used 9610K, committed 9920K, reserved 1048576K
}
Event: 19.250 GC heap before
{Heap before GC invocations=17 (full 0):
 garbage-first heap   total 110592K, used 85656K [0x000000070a000000, 0x0000000800000000)
  region size 2048K, 30 young (61440K), 4 survivors (8192K)
 Metaspace       used 77882K, committed 78528K, reserved 1179648K
  class space    used 10669K, committed 11008K, reserved 1048576K
}
Event: 19.264 GC heap after
{Heap after GC invocations=18 (full 0):
 garbage-first heap   total 110592K, used 36703K [0x000000070a000000, 0x0000000800000000)
  region size 2048K, 4 young (8192K), 4 survivors (8192K)
 Metaspace       used 77882K, committed 78528K, reserved 1179648K
  class space    used 10669K, committed 11008K, reserved 1048576K
}
Event: 24.245 GC heap before
{Heap before GC invocations=18 (full 0):
 garbage-first heap   total 110592K, used 83807K [0x000000070a000000, 0x0000000800000000)
  region size 2048K, 28 young (57344K), 4 survivors (8192K)
 Metaspace       used 90835K, committed 91520K, reserved 1179648K
  class space    used 12396K, committed 12736K, reserved 1048576K
}
Event: 24.256 GC heap after
{Heap after GC invocations=19 (full 0):
 garbage-first heap   total 110592K, used 41313K [0x000000070a000000, 0x0000000800000000)
  region size 2048K, 4 young (8192K), 4 survivors (8192K)
 Metaspace       used 90835K, committed 91520K, reserved 1179648K
  class space    used 12396K, committed 12736K, reserved 1048576K
}
Event: 25.056 GC heap before
{Heap before GC invocations=19 (full 0):
 garbage-first heap   total 110592K, used 78177K [0x000000070a000000, 0x0000000800000000)
  region size 2048K, 24 young (49152K), 4 survivors (8192K)
 Metaspace       used 99912K, committed 100480K, reserved 1179648K
  class space    used 13297K, committed 13568K, reserved 1048576K
}
Event: 25.063 GC heap after
{Heap after GC invocations=20 (full 0):
 garbage-first heap   total 110592K, used 44571K [0x000000070a000000, 0x0000000800000000)
  region size 2048K, 2 young (4096K), 2 survivors (4096K)
 Metaspace       used 99912K, committed 100480K, reserved 1179648K
  class space    used 13297K, committed 13568K, reserved 1048576K
}

